#
# A fatal error has been detected by the Java Runtime Environment:
#
#  Internal Error (javaCalls.cpp:51), pid=2868, tid=0x0000000000003008
#  guarantee(thread->is_Java_thread()) failed: crucial check - the VM thread cannot and must not escape to Java code
#
# JRE version: Java(TM) SE Runtime Environment (8.0_241-b07) (build 1.8.0_241-b07)
# Java VM: Java HotSpot(TM) 64-Bit Server VM (25.241-b07 mixed mode windows-amd64 compressed oops)
# Failed to write core dump. Minidumps are not enabled by default on client versions of Windows
#
# If you would like to submit a bug report, please visit:
#   http://bugreport.java.com/bugreport/crash.jsp
#

---------------  T H R E A D  ---------------

Current thread (0x00000000170a7800):  VMThread [stack: 0x0000000018130000,0x0000000018230000] [id=12296]

Stack: [0x0000000018130000,0x0000000018230000]
[error occurred during error reporting (printing stack bounds), id 0xc0000005]

Native frames: (J=compiled Java code, j=interpreted, Vv=VM code, C=native code)

VM_Operation (0x0000000018b6f330): GetOrSetLocal, mode: safepoint, requested by thread 0x00000000170fa800


---------------  P R O C E S S  ---------------

Java Threads: ( => current thread )
  0x0000000021be0800 JavaThread "TimerQueue" daemon [_thread_blocked, id=6620, stack(0x00000000267a0000,0x00000000268a0000)]
  0x0000000021bde000 JavaThread "zSelector" [_thread_blocked, id=9492, stack(0x00000000265a0000,0x00000000266a0000)]
  0x0000000021bda800 JavaThread "SciJava-73fc518f-Thread-13" [_thread_blocked, id=9676, stack(0x00000000275d0000,0x00000000276d0000)]
  0x000000001a0b3000 JavaThread "AWT-EventQueue-0" [_thread_blocked, id=20336, stack(0x00000000221f0000,0x00000000222f0000)]
  0x0000000021de5800 JavaThread "AWT-Windows" daemon [_thread_in_native, id=2952, stack(0x0000000020fa0000,0x00000000210a0000)]
  0x0000000021de4800 JavaThread "AWT-Shutdown" [_thread_blocked, id=6316, stack(0x0000000020ea0000,0x0000000020fa0000)]
  0x00000000214ec000 JavaThread "Java2D Disposer" daemon [_thread_blocked, id=21024, stack(0x000000001f9a0000,0x000000001faa0000)]
  0x0000000019a2d000 JavaThread "Service Thread" daemon [_thread_blocked, id=3716, stack(0x000000001ac40000,0x000000001ad40000)]
  0x00000000199a9800 JavaThread "C1 CompilerThread2" daemon [_thread_blocked, id=18524, stack(0x000000001ab40000,0x000000001ac40000)]
  0x00000000199a6800 JavaThread "C2 CompilerThread1" daemon [_thread_blocked, id=15632, stack(0x000000001aa40000,0x000000001ab40000)]
  0x00000000199a0000 JavaThread "C2 CompilerThread0" daemon [_thread_blocked, id=15416, stack(0x000000001a940000,0x000000001aa40000)]
  0x000000001710a000 JavaThread "JDWP Command Reader" daemon [_thread_in_native, id=5448, stack(0x0000000018c70000,0x0000000018d70000)]
  0x0000000017109000 JavaThread "JDWP Event Helper Thread" daemon [_thread_blocked, id=9272, stack(0x0000000018b70000,0x0000000018c70000)]
  0x00000000170fa800 JavaThread "JDWP Transport Listener: dt_socket" daemon [_thread_blocked, id=19196, stack(0x0000000018a70000,0x0000000018b70000)]
  0x00000000170ed000 JavaThread "Attach Listener" daemon [_thread_blocked, id=11952, stack(0x0000000018630000,0x0000000018730000)]
  0x00000000170e9800 JavaThread "Signal Dispatcher" daemon [_thread_blocked, id=9112, stack(0x0000000018530000,0x0000000018630000)]
  0x00000000170d2000 JavaThread "Finalizer" daemon [_thread_blocked, id=20816, stack(0x0000000018330000,0x0000000018430000)]
  0x00000000025dc000 JavaThread "Reference Handler" daemon [_thread_blocked, id=2384, stack(0x0000000018230000,0x0000000018330000)]
  0x00000000024ed000 JavaThread "main" [_thread_blocked, id=14372, stack(0x00000000023b0000,0x00000000024b0000)]

Other Threads:
=>0x00000000170a7800 VMThread [stack: 0x0000000018130000,0x0000000018230000] [id=12296]
  0x0000000019b00800 WatcherThread [stack: 0x000000001ad40000,0x000000001ae40000] [id=19356]

VM state:at safepoint (normal execution)

VM Mutex/Monitor currently owned by a thread:  ([mutex/lock_event])
[0x00000000024e2c50] Threads_lock - owner thread: 0x00000000170a7800

heap address: 0x0000000084400000, size: 1980 MB, Compressed Oops mode: 32-bit
Narrow klass base: 0x0000000000000000, Narrow klass shift: 3
Compressed class space size: 1073741824 Address: 0x0000000100000000

Heap:
 PSYoungGen      total 255488K, used 143958K [0x00000000d6c00000, 0x00000000e9600000, 0x0000000100000000)
  eden space 238592K, 60% used [0x00000000d6c00000,0x00000000df895a30,0x00000000e5500000)
  from space 16896K, 0% used [0x00000000e5500000,0x00000000e5500000,0x00000000e6580000)
  to   space 19968K, 0% used [0x00000000e8280000,0x00000000e8280000,0x00000000e9600000)
 ParOldGen       total 92672K, used 16942K [0x0000000084400000, 0x0000000089e80000, 0x00000000d6c00000)
  object space 92672K, 18% used [0x0000000084400000,0x000000008548b800,0x0000000089e80000)
 Metaspace       used 40777K, capacity 41389K, committed 41472K, reserved 1083392K
  class space    used 6489K, capacity 6649K, committed 6656K, reserved 1048576K

Card table byte_map: [0x0000000011ad0000,0x0000000011eb0000] byte_map_base: 0x00000000116ae000

Marking Bits: (ParMarkBitMap*) 0x0000000053f5be30
 Begin Bits: [0x0000000012550000, 0x0000000014440000)
 End Bits:   [0x0000000014440000, 0x0000000016330000)

Polling page: 0x0000000000680000

CodeCache: size=245760Kb used=11608Kb max_used=11701Kb free=234151Kb
 bounds [0x0000000002710000, 0x0000000003300000, 0x0000000011710000]
 total_blobs=3817 nmethods=3213 adapters=524
 compilation: enabled

Compilation events (10 events):
Event: 273.783 Thread 0x00000000199a9800 3961   !   3       sun.awt.AWTAutoShutdown::setToolkitBusy (124 bytes)
Event: 273.784 Thread 0x00000000199a9800 nmethod 3961 0x0000000002e9d210 code [0x0000000002e9d3e0, 0x0000000002e9dca8]
Event: 412.902 Thread 0x00000000199a0000 3962       4       org.eclipse.jdt.launching.internal.org.objectweb.asm.AnnotationWriter::computeAnnotationsSize (66 bytes)
Event: 412.947 Thread 0x00000000199a0000 nmethod 3962 0x0000000002d35b50 code [0x0000000002d35cc0, 0x0000000002d35eb8]
Event: 420.500 Thread 0x00000000199a6800 3963 %     4       org.eclipse.jdt.launching.internal.org.objectweb.asm.ClassReader::readCode @ 1718 (5089 bytes)
Event: 420.500 Thread 0x00000000199a0000 3964       4       org.eclipse.jdt.launching.internal.org.objectweb.asm.FieldWriter::computeFieldInfoSize (86 bytes)
Event: 420.549 Thread 0x00000000199a0000 nmethod 3964 0x00000000031f7b10 code [0x00000000031f7cc0, 0x00000000031f8250]
Event: 422.025 Thread 0x00000000199a6800 nmethod 3963% 0x000000000329a250 code [0x000000000329ad40, 0x00000000032b47f0]
Event: 422.094 Thread 0x00000000199a0000 3965       4       org.eclipse.jdt.launching.internal.org.objectweb.asm.ClassReader::readCode (5089 bytes)
Event: 423.400 Thread 0x00000000199a0000 nmethod 3965 0x00000000032c8ad0 code [0x00000000032c9900, 0x00000000032df558]

GC Heap History (10 events):
Event: 5.598 GC heap before
{Heap before GC invocations=7 (full 0):
 PSYoungGen      total 135168K, used 48327K [0x00000000d6c00000, 0x00000000dfe00000, 0x0000000100000000)
  eden space 125440K, 30% used [0x00000000d6c00000,0x00000000d91d0f90,0x00000000de680000)
  from space 9728K, 98% used [0x00000000df180000,0x00000000dfae0ef8,0x00000000dfb00000)
  to   space 11264K, 0% used [0x00000000de680000,0x00000000de680000,0x00000000df180000)
 ParOldGen       total 84992K, used 7869K [0x0000000084400000, 0x0000000089700000, 0x00000000d6c00000)
  object space 84992K, 9% used [0x0000000084400000,0x0000000084baf5a0,0x0000000089700000)
 Metaspace       used 20861K, capacity 21035K, committed 21248K, reserved 1067008K
  class space    used 3917K, capacity 3994K, committed 4096K, reserved 1048576K
Event: 5.615 GC heap after
Heap after GC invocations=7 (full 0):
 PSYoungGen      total 136704K, used 5904K [0x00000000d6c00000, 0x00000000e7600000, 0x0000000100000000)
  eden space 125440K, 0% used [0x00000000d6c00000,0x00000000d6c00000,0x00000000de680000)
  from space 11264K, 52% used [0x00000000de680000,0x00000000dec44230,0x00000000df180000)
  to   space 10752K, 0% used [0x00000000e6b80000,0x00000000e6b80000,0x00000000e7600000)
 ParOldGen       total 84992K, used 12260K [0x0000000084400000, 0x0000000089700000, 0x00000000d6c00000)
  object space 84992K, 14% used [0x0000000084400000,0x0000000084ff9010,0x0000000089700000)
 Metaspace       used 20861K, capacity 21035K, committed 21248K, reserved 1067008K
  class space    used 3917K, capacity 3994K, committed 4096K, reserved 1048576K
}
Event: 5.615 GC heap before
{Heap before GC invocations=8 (full 1):
 PSYoungGen      total 136704K, used 5904K [0x00000000d6c00000, 0x00000000e7600000, 0x0000000100000000)
  eden space 125440K, 0% used [0x00000000d6c00000,0x00000000d6c00000,0x00000000de680000)
  from space 11264K, 52% used [0x00000000de680000,0x00000000dec44230,0x00000000df180000)
  to   space 10752K, 0% used [0x00000000e6b80000,0x00000000e6b80000,0x00000000e7600000)
 ParOldGen       total 84992K, used 12260K [0x0000000084400000, 0x0000000089700000, 0x00000000d6c00000)
  object space 84992K, 14% used [0x0000000084400000,0x0000000084ff9010,0x0000000089700000)
 Metaspace       used 20861K, capacity 21035K, committed 21248K, reserved 1067008K
  class space    used 3917K, capacity 3994K, committed 4096K, reserved 1048576K
Event: 5.696 GC heap after
Heap after GC invocations=8 (full 1):
 PSYoungGen      total 136704K, used 0K [0x00000000d6c00000, 0x00000000e7600000, 0x0000000100000000)
  eden space 125440K, 0% used [0x00000000d6c00000,0x00000000d6c00000,0x00000000de680000)
  from space 11264K, 0% used [0x00000000de680000,0x00000000de680000,0x00000000df180000)
  to   space 10752K, 0% used [0x00000000e6b80000,0x00000000e6b80000,0x00000000e7600000)
 ParOldGen       total 62464K, used 11411K [0x0000000084400000, 0x0000000088100000, 0x00000000d6c00000)
  object space 62464K, 18% used [0x0000000084400000,0x0000000084f24d70,0x0000000088100000)
 Metaspace       used 20861K, capacity 21035K, committed 21248K, reserved 1067008K
  class space    used 3917K, capacity 3994K, committed 4096K, reserved 1048576K
}
Event: 6.978 GC heap before
{Heap before GC invocations=9 (full 1):
 PSYoungGen      total 136704K, used 125440K [0x00000000d6c00000, 0x00000000e7600000, 0x0000000100000000)
  eden space 125440K, 100% used [0x00000000d6c00000,0x00000000de680000,0x00000000de680000)
  from space 11264K, 0% used [0x00000000de680000,0x00000000de680000,0x00000000df180000)
  to   space 10752K, 0% used [0x00000000e6b80000,0x00000000e6b80000,0x00000000e7600000)
 ParOldGen       total 62464K, used 11411K [0x0000000084400000, 0x0000000088100000, 0x00000000d6c00000)
  object space 62464K, 18% used [0x0000000084400000,0x0000000084f24d70,0x0000000088100000)
 Metaspace       used 21687K, capacity 21867K, committed 22016K, reserved 1067008K
  class space    used 3976K, capacity 4058K, committed 4096K, reserved 1048576K
Event: 7.014 GC heap after
Heap after GC invocations=9 (full 1):
 PSYoungGen      total 209920K, used 10730K [0x00000000d6c00000, 0x00000000e7600000, 0x0000000100000000)
  eden space 199168K, 0% used [0x00000000d6c00000,0x00000000d6c00000,0x00000000e2e80000)
  from space 10752K, 99% used [0x00000000e6b80000,0x00000000e75fa800,0x00000000e7600000)
  to   space 16896K, 0% used [0x00000000e5500000,0x00000000e5500000,0x00000000e6580000)
 ParOldGen       total 62464K, used 21743K [0x0000000084400000, 0x0000000088100000, 0x00000000d6c00000)
  object space 62464K, 34% used [0x0000000084400000,0x000000008593bee8,0x0000000088100000)
 Metaspace       used 21687K, capacity 21867K, committed 22016K, reserved 1067008K
  class space    used 3976K, capacity 4058K, committed 4096K, reserved 1048576K
}
Event: 9.408 GC heap before
{Heap before GC invocations=10 (full 1):
 PSYoungGen      total 209920K, used 173699K [0x00000000d6c00000, 0x00000000e7600000, 0x0000000100000000)
  eden space 199168K, 81% used [0x00000000d6c00000,0x00000000e0b266c0,0x00000000e2e80000)
  from space 10752K, 99% used [0x00000000e6b80000,0x00000000e75fa800,0x00000000e7600000)
  to   space 16896K, 0% used [0x00000000e5500000,0x00000000e5500000,0x00000000e6580000)
 ParOldGen       total 62464K, used 21743K [0x0000000084400000, 0x0000000088100000, 0x00000000d6c00000)
  object space 62464K, 34% used [0x0000000084400000,0x000000008593bee8,0x0000000088100000)
 Metaspace       used 34775K, capacity 35261K, committed 35416K, reserved 1079296K
  class space    used 5691K, capacity 5836K, committed 5888K, reserved 1048576K
Event: 9.430 GC heap after
Heap after GC invocations=10 (full 1):
 PSYoungGen      total 255488K, used 16884K [0x00000000d6c00000, 0x00000000e9600000, 0x0000000100000000)
  eden space 238592K, 0% used [0x00000000d6c00000,0x00000000d6c00000,0x00000000e5500000)
  from space 16896K, 99% used [0x00000000e5500000,0x00000000e657d128,0x00000000e6580000)
  to   space 19968K, 0% used [0x00000000e8280000,0x00000000e8280000,0x00000000e9600000)
 ParOldGen       total 62464K, used 23305K [0x0000000084400000, 0x0000000088100000, 0x00000000d6c00000)
  object space 62464K, 37% used [0x0000000084400000,0x0000000085ac2480,0x0000000088100000)
 Metaspace       used 34775K, capacity 35261K, committed 35416K, reserved 1079296K
  class space    used 5691K, capacity 5836K, committed 5888K, reserved 1048576K
}
Event: 9.431 GC heap before
{Heap before GC invocations=11 (full 2):
 PSYoungGen      total 255488K, used 16884K [0x00000000d6c00000, 0x00000000e9600000, 0x0000000100000000)
  eden space 238592K, 0% used [0x00000000d6c00000,0x00000000d6c00000,0x00000000e5500000)
  from space 16896K, 99% used [0x00000000e5500000,0x00000000e657d128,0x00000000e6580000)
  to   space 19968K, 0% used [0x00000000e8280000,0x00000000e8280000,0x00000000e9600000)
 ParOldGen       total 62464K, used 23305K [0x0000000084400000, 0x0000000088100000, 0x00000000d6c00000)
  object space 62464K, 37% used [0x0000000084400000,0x0000000085ac2480,0x0000000088100000)
 Metaspace       used 34775K, capacity 35261K, committed 35416K, reserved 1079296K
  class space    used 5691K, capacity 5836K, committed 5888K, reserved 1048576K
Event: 9.490 GC heap after
Heap after GC invocations=11 (full 2):
 PSYoungGen      total 255488K, used 0K [0x00000000d6c00000, 0x00000000e9600000, 0x0000000100000000)
  eden space 238592K, 0% used [0x00000000d6c00000,0x00000000d6c00000,0x00000000e5500000)
  from space 16896K, 0% used [0x00000000e5500000,0x00000000e5500000,0x00000000e6580000)
  to   space 19968K, 0% used [0x00000000e8280000,0x00000000e8280000,0x00000000e9600000)
 ParOldGen       total 92672K, used 16942K [0x0000000084400000, 0x0000000089e80000, 0x00000000d6c00000)
  object space 92672K, 18% used [0x0000000084400000,0x000000008548b800,0x0000000089e80000)
 Metaspace       used 34775K, capacity 35261K, committed 35416K, reserved 1079296K
  class space    used 5691K, capacity 5836K, committed 5888K, reserved 1048576K
}

Deoptimization events (10 events):
Event: 11.118 Thread 0x0000000021bda800 Uncommon trap: reason=unhandled action=none pc=0x0000000002e06244 method=java.net.URLClassLoader.findClass(Ljava/lang/String;)Ljava/lang/Class; @ 44
Event: 11.127 Thread 0x0000000021bda800 Uncommon trap: reason=unhandled action=none pc=0x0000000002e06244 method=java.net.URLClassLoader.findClass(Ljava/lang/String;)Ljava/lang/Class; @ 44
Event: 11.128 Thread 0x0000000021bda800 Uncommon trap: reason=unhandled action=none pc=0x0000000002e06244 method=java.net.URLClassLoader.findClass(Ljava/lang/String;)Ljava/lang/Class; @ 44
Event: 11.129 Thread 0x0000000021bda800 Uncommon trap: reason=unhandled action=none pc=0x0000000002e06244 method=java.net.URLClassLoader.findClass(Ljava/lang/String;)Ljava/lang/Class; @ 44
Event: 11.130 Thread 0x0000000021bda800 Uncommon trap: reason=unhandled action=none pc=0x0000000002e06244 method=java.net.URLClassLoader.findClass(Ljava/lang/String;)Ljava/lang/Class; @ 44
Event: 11.131 Thread 0x0000000021bda800 Uncommon trap: reason=unhandled action=none pc=0x0000000002e06244 method=java.net.URLClassLoader.findClass(Ljava/lang/String;)Ljava/lang/Class; @ 44
Event: 11.134 Thread 0x0000000021bda800 Uncommon trap: reason=unhandled action=none pc=0x0000000002e06244 method=java.net.URLClassLoader.findClass(Ljava/lang/String;)Ljava/lang/Class; @ 44
Event: 11.139 Thread 0x0000000021bda800 Uncommon trap: reason=unhandled action=none pc=0x0000000002e06244 method=java.net.URLClassLoader.findClass(Ljava/lang/String;)Ljava/lang/Class; @ 44
Event: 11.144 Thread 0x0000000021bda800 Uncommon trap: reason=unhandled action=none pc=0x0000000002e06244 method=java.net.URLClassLoader.findClass(Ljava/lang/String;)Ljava/lang/Class; @ 44
Event: 11.146 Thread 0x0000000021bda800 Uncommon trap: reason=unhandled action=none pc=0x0000000002e06244 method=java.net.URLClassLoader.findClass(Ljava/lang/String;)Ljava/lang/Class; @ 44

Classes redefined (10 events):
Event: 740.238 Thread 0x00000000170a7800 redefined class name=juicer.Geometry$VisitedSet, count=14
Event: 748.628 Thread 0x00000000170a7800 redefined class name=juicer.Geometry, count=15
Event: 748.640 Thread 0x00000000170a7800 redefined class name=juicer.Geometry$Vector2D, count=15
Event: 748.651 Thread 0x00000000170a7800 redefined class name=juicer.Geometry$VisitedSet, count=15
Event: 753.722 Thread 0x00000000170a7800 redefined class name=juicer.Geometry, count=16
Event: 753.735 Thread 0x00000000170a7800 redefined class name=juicer.Geometry$Vector2D, count=16
Event: 753.746 Thread 0x00000000170a7800 redefined class name=juicer.Geometry$VisitedSet, count=16
Event: 784.974 Thread 0x00000000170a7800 redefined class name=juicer.Geometry, count=17
Event: 784.986 Thread 0x00000000170a7800 redefined class name=juicer.Geometry$Vector2D, count=17
Event: 784.998 Thread 0x00000000170a7800 redefined class name=juicer.Geometry$VisitedSet, count=17

Internal exceptions (10 events):
Event: 9.675 Thread 0x00000000024ed000 Exception <a 'java/lang/ArrayIndexOutOfBoundsException'> (0x00000000d7cf7338) thrown at [C:\ade\jenkins\workspace\8-2-build-windows-amd64-cygwin\jdk8u241\331\hotspot\src\share\vm\runtime\sharedRuntime.cpp, line 605]
Event: 9.675 Thread 0x00000000024ed000 Exception <a 'java/lang/ArrayIndexOutOfBoundsException'> (0x00000000d7cf85d8) thrown at [C:\ade\jenkins\workspace\8-2-build-windows-amd64-cygwin\jdk8u241\331\hotspot\src\share\vm\runtime\sharedRuntime.cpp, line 605]
Event: 9.917 Thread 0x00000000024ed000 Exception <a 'java/lang/NoSuchMethodError': java.lang.Object.$anonfun$releaseVersion$1$adapted(Ljava/lang/String;)Ljava/lang/Object;> (0x00000000d9239918) thrown at [C:\ade\jenkins\workspace\8-2-build-windows-amd64-cygwin\jdk8u241\331\hotspot\src\share\vm
Event: 9.920 Thread 0x00000000024ed000 Exception <a 'java/lang/NoSuchMethodError': java.lang.Object.$anonfun$releaseVersion$2(Ljava/lang/String;)Ljava/lang/String;> (0x00000000d9265fe0) thrown at [C:\ade\jenkins\workspace\8-2-build-windows-amd64-cygwin\jdk8u241\331\hotspot\src\share\vm\interpr
Event: 9.923 Thread 0x00000000024ed000 Exception <a 'java/lang/NoSuchMethodError': java.lang.Object.$anonfun$developmentVersion$1$adapted(Ljava/lang/String;)Ljava/lang/Object;> (0x00000000d92b4300) thrown at [C:\ade\jenkins\workspace\8-2-build-windows-amd64-cygwin\jdk8u241\331\hotspot\src\shar
Event: 9.925 Thread 0x00000000024ed000 Exception <a 'java/lang/NoSuchMethodError': java.lang.Object.$anonfun$developmentVersion$2(Lscala/util/PropertiesTrait;Ljava/lang/String;)Lscala/Option;> (0x00000000d92b7fa0) thrown at [C:\ade\jenkins\workspace\8-2-build-windows-amd64-cygwin\jdk8u241\331\
Event: 10.720 Thread 0x000000001a0b3000 Exception <a 'java/lang/ClassCastException': java.awt.MenuItem cannot be cast to java.awt.CheckboxMenuItem> (0x00000000deb77938) thrown at [C:\ade\jenkins\workspace\8-2-build-windows-amd64-cygwin\jdk8u241\331\hotspot\src\share\vm\interpreter\interpreterRu
Event: 10.987 Thread 0x0000000021bda800 Exception <a 'java/lang/ArrayIndexOutOfBoundsException': 92> (0x00000000de528058) thrown at [C:\ade\jenkins\workspace\8-2-build-windows-amd64-cygwin\jdk8u241\331\hotspot\src\share\vm\interpreter\interpreterRuntime.cpp, line 368]
Event: 10.990 Thread 0x0000000021bda800 Exception <a 'java/lang/ArrayIndexOutOfBoundsException': 133> (0x00000000de564e88) thrown at [C:\ade\jenkins\workspace\8-2-build-windows-amd64-cygwin\jdk8u241\331\hotspot\src\share\vm\interpreter\interpreterRuntime.cpp, line 368]
Event: 10.991 Thread 0x0000000021bda800 Exception <a 'java/lang/ArrayIndexOutOfBoundsException': 118> (0x00000000de5678e0) thrown at [C:\ade\jenkins\workspace\8-2-build-windows-amd64-cygwin\jdk8u241\331\hotspot\src\share\vm\interpreter\interpreterRuntime.cpp, line 368]

Events (10 events):
Event: 753.824 Executing VM operation: GetOrSetLocal done
Event: 784.956 Executing VM operation: RedefineClasses
Event: 784.999 Executing VM operation: RedefineClasses done
Event: 785.009 Executing VM operation: ChangeBreakpoints
Event: 785.011 Executing VM operation: ChangeBreakpoints done
Event: 785.069 Executing VM operation: GetOwnedMonitorInfo
Event: 785.069 Executing VM operation: GetOwnedMonitorInfo done
Event: 785.069 Executing VM operation: GetCurrentContendedMonitor
Event: 785.069 Executing VM operation: GetCurrentContendedMonitor done
Event: 785.072 Executing VM operation: GetOrSetLocal


Dynamic libraries:
0x00007ff769150000 - 0x00007ff769187000 	C:\Program Files\Java\jre1.8.0_241\bin\javaw.exe
0x00007ffeebc00000 - 0x00007ffeebdf0000 	C:\Windows\SYSTEM32\ntdll.dll
0x00007ffee9f50000 - 0x00007ffeea002000 	C:\Windows\System32\KERNEL32.DLL
0x00007ffee8db0000 - 0x00007ffee9053000 	C:\Windows\System32\KERNELBASE.dll
0x00007ffee9e10000 - 0x00007ffee9eb3000 	C:\Windows\System32\ADVAPI32.dll
0x00007ffeeade0000 - 0x00007ffeeae7e000 	C:\Windows\System32\msvcrt.dll
0x00007ffeeae80000 - 0x00007ffeeaf17000 	C:\Windows\System32\sechost.dll
0x00007ffeeaf20000 - 0x00007ffeeb040000 	C:\Windows\System32\RPCRT4.dll
0x00007ffeeac40000 - 0x00007ffeeadd4000 	C:\Windows\System32\USER32.dll
0x00007ffee9c80000 - 0x00007ffee9ca1000 	C:\Windows\System32\win32u.dll
0x00007ffeea240000 - 0x00007ffeea266000 	C:\Windows\System32\GDI32.dll
0x00007ffee9060000 - 0x00007ffee91f4000 	C:\Windows\System32\gdi32full.dll
0x00007ffee8be0000 - 0x00007ffee8c7e000 	C:\Windows\System32\msvcp_win.dll
0x00007ffee9b80000 - 0x00007ffee9c7a000 	C:\Windows\System32\ucrtbase.dll
0x00007ffede7e0000 - 0x00007ffedea65000 	C:\Windows\WinSxS\amd64_microsoft.windows.common-controls_6595b64144ccf1df_6.0.18362.778_none_e6c6b761130d4fb8\COMCTL32.dll
0x00007ffeeb0a0000 - 0x00007ffeeb3d6000 	C:\Windows\System32\combase.dll
0x00007ffee8d30000 - 0x00007ffee8db0000 	C:\Windows\System32\bcryptPrimitives.dll
0x00007ffeea270000 - 0x00007ffeea29e000 	C:\Windows\System32\IMM32.DLL
0x0000000053570000 - 0x0000000053642000 	C:\Program Files\Java\jre1.8.0_241\bin\msvcr100.dll
0x0000000053730000 - 0x0000000053fdc000 	C:\Program Files\Java\jre1.8.0_241\bin\server\jvm.dll
0x00007ffeea0c0000 - 0x00007ffeea0c8000 	C:\Windows\System32\PSAPI.DLL
0x00007ffed4e80000 - 0x00007ffed4e89000 	C:\Windows\SYSTEM32\WSOCK32.dll
0x00007ffeebad0000 - 0x00007ffeebb3f000 	C:\Windows\System32\WS2_32.dll
0x00007ffedeec0000 - 0x00007ffedeee4000 	C:\Windows\SYSTEM32\WINMM.dll
0x00007ffee1400000 - 0x00007ffee140a000 	C:\Windows\SYSTEM32\VERSION.dll
0x00007ffedee90000 - 0x00007ffedeebd000 	C:\Windows\SYSTEM32\WINMMBASE.dll
0x00007ffee8b90000 - 0x00007ffee8bda000 	C:\Windows\System32\cfgmgr32.dll
0x00007ffee3f20000 - 0x00007ffee3f2f000 	C:\Program Files\Java\jre1.8.0_241\bin\verify.dll
0x00007ffed3880000 - 0x00007ffed38a9000 	C:\Program Files\Java\jre1.8.0_241\bin\java.dll
0x00007ffecd140000 - 0x00007ffecd175000 	C:\Program Files\Java\jre1.8.0_241\bin\jdwp.dll
0x00007ffee2e70000 - 0x00007ffee2e78000 	C:\Program Files\Java\jre1.8.0_241\bin\npt.dll
0x00007ffecd3d0000 - 0x00007ffecd3f3000 	C:\Program Files\Java\jre1.8.0_241\bin\instrument.dll
0x00007ffede2d0000 - 0x00007ffede2e6000 	C:\Program Files\Java\jre1.8.0_241\bin\zip.dll
0x00007ffeeb3e0000 - 0x00007ffeebac5000 	C:\Windows\System32\SHELL32.dll
0x00007ffeeab90000 - 0x00007ffeeac39000 	C:\Windows\System32\shcore.dll
0x00007ffee93e0000 - 0x00007ffee9b60000 	C:\Windows\System32\windows.storage.dll
0x00007ffee8b60000 - 0x00007ffee8b83000 	C:\Windows\System32\profapi.dll
0x00007ffee8b10000 - 0x00007ffee8b5a000 	C:\Windows\System32\powrprof.dll
0x00007ffee8ac0000 - 0x00007ffee8ad0000 	C:\Windows\System32\UMPDC.dll
0x00007ffeeaa00000 - 0x00007ffeeaa52000 	C:\Windows\System32\shlwapi.dll
0x00007ffee8af0000 - 0x00007ffee8b01000 	C:\Windows\System32\kernel.appcore.dll
0x00007ffee9b60000 - 0x00007ffee9b77000 	C:\Windows\System32\cryptsp.dll
0x00007ffee2570000 - 0x00007ffee2579000 	C:\Program Files\Java\jre1.8.0_241\bin\dt_socket.dll
0x00007ffee2de0000 - 0x00007ffee2df6000 	C:\Windows\system32\napinsp.dll
0x00007ffee2e00000 - 0x00007ffee2e1a000 	C:\Windows\system32\pnrpnsp.dll
0x00007ffee8330000 - 0x00007ffee8397000 	C:\Windows\System32\mswsock.dll
0x00007ffee80d0000 - 0x00007ffee819a000 	C:\Windows\SYSTEM32\DNSAPI.dll
0x00007ffee9ec0000 - 0x00007ffee9ec8000 	C:\Windows\System32\NSI.dll
0x00007ffee8040000 - 0x00007ffee807a000 	C:\Windows\SYSTEM32\IPHLPAPI.DLL
0x00007ffee2e20000 - 0x00007ffee2e2e000 	C:\Windows\System32\winrnr.dll
0x00007ffee3cb0000 - 0x00007ffee3ccc000 	C:\Windows\system32\NLAapi.dll
0x00007ffee3b90000 - 0x00007ffee3ba5000 	C:\Windows\system32\wshbth.dll
0x0000000054600000 - 0x0000000054626000 	C:\Program Files\Bonjour\mdnsNSP.dll
0x00007ffee0670000 - 0x00007ffee06e7000 	C:\Windows\System32\fwpuclnt.dll
0x00007ffee9260000 - 0x00007ffee9286000 	C:\Windows\System32\bcrypt.dll
0x00007ffee1450000 - 0x00007ffee145a000 	C:\Windows\System32\rasadhlp.dll
0x00007ffeb8df0000 - 0x00007ffeb8f8a000 	C:\Program Files\Java\jre1.8.0_241\bin\awt.dll
0x00007ffeea930000 - 0x00007ffeea9f4000 	C:\Windows\System32\OLEAUT32.dll
0x00007ffee6900000 - 0x00007ffee698f000 	C:\Windows\SYSTEM32\apphelp.dll
0x00007ffee6b00000 - 0x00007ffee6b2d000 	C:\Windows\system32\DWMAPI.DLL
0x00007ffee6a10000 - 0x00007ffee6aa9000 	C:\Windows\system32\uxtheme.dll
0x00007ffed2ca0000 - 0x00007ffed2df6000 	C:\Windows\system32\opengl32.dll
0x00007ffed29f0000 - 0x00007ffed2a1c000 	C:\Windows\SYSTEM32\GLU32.dll
0x00007ffee7730000 - 0x00007ffee7750000 	C:\Windows\SYSTEM32\dxcore.dll
0x00007ffee9cb0000 - 0x00007ffee9de6000 	C:\Windows\System32\MSCTF.dll
0x00007ffeea0e0000 - 0x00007ffeea237000 	C:\Windows\System32\ole32.dll
0x00007ffeccff0000 - 0x00007ffecd039000 	C:\Program Files\Java\jre1.8.0_241\bin\fontmanager.dll
0x00007ffede290000 - 0x00007ffede2aa000 	C:\Program Files\Java\jre1.8.0_241\bin\net.dll
0x00007ffed1eb0000 - 0x00007ffed1ec2000 	C:\Program Files\Java\jre1.8.0_241\bin\nio.dll
0x00007ffeccd90000 - 0x00007ffeccdd2000 	C:\Program Files\Java\jre1.8.0_241\bin\t2k.dll
0x00007ffeea010000 - 0x00007ffeea0b2000 	C:\Windows\System32\clbcatq.dll
0x00007ffedcaa0000 - 0x00007ffedcc4f000 	C:\Windows\SYSTEM32\WindowsCodecs.dll
0x00007ffedc4c0000 - 0x00007ffedc4fa000 	C:\Windows\system32\dataexchange.dll
0x00007ffee5e90000 - 0x00007ffee60eb000 	C:\Windows\system32\d3d11.dll
0x00007ffee6130000 - 0x00007ffee630c000 	C:\Windows\system32\dcomp.dll
0x00007ffee77c0000 - 0x00007ffee78ab000 	C:\Windows\system32\dxgi.dll
0x00007ffee6b30000 - 0x00007ffee6d8a000 	C:\Windows\system32\twinapi.appcore.dll
0x00007ffee7010000 - 0x00007ffee7039000 	C:\Windows\system32\RMCLIENT.dll
0x00007ffedc160000 - 0x00007ffedc1fe000 	C:\Windows\System32\TextInputFramework.dll
0x00007ffee6720000 - 0x00007ffee67f4000 	C:\Windows\System32\CoreMessaging.dll
0x00007ffedbd10000 - 0x00007ffedc03a000 	C:\Windows\System32\CoreUIComponents.dll
0x00007ffee4060000 - 0x00007ffee41b3000 	C:\Windows\SYSTEM32\wintypes.dll
0x00007ffee7b20000 - 0x00007ffee7b51000 	C:\Windows\SYSTEM32\ntmarta.dll
0x00007ffeda570000 - 0x00007ffeda5d5000 	C:\Windows\system32\Oleacc.dll
0x00007ffedd1b0000 - 0x00007ffedd456000 	C:\Windows\System32\iertutil.dll
0x00007ffecd1d0000 - 0x00007ffecd1fa000 	C:\Program Files\Java\jre1.8.0_241\bin\dcpr.dll

VM Arguments:
jvm_args: -agentlib:jdwp=transport=dt_socket,suspend=y,address=localhost:59510 -javaagent:C:\Users\kevin\Downloads\eclipse-jee-2019-12-R-win32-x86_64\eclipse\configuration\org.eclipse.osgi\411\0\.cp\lib\javaagent-shaded.jar -Dfile.encoding=UTF-8 
java_command: Juicer
java_class_path (initial): C:\Users\kevin\Documents\GitHub\fiji\zipping\fiji\juicer\target\classes;C:\Users\kevin\.m2\repository\sc\iview\sciview\0.1.6\sciview-0.1.6.jar;C:\Users\kevin\.m2\repository\org\scijava\scijava-ui-swing\0.12.0\scijava-ui-swing-0.12.0.jar;C:\Users\kevin\.m2\repository\org\scijava\swing-checkbox-tree\1.0.2\swing-checkbox-tree-1.0.2.jar;C:\Users\kevin\.m2\repository\com\miglayout\miglayout\3.7.4\miglayout-3.7.4-swing.jar;C:\Users\kevin\.m2\repository\net\sourceforge\jdatepicker\jdatepicker\1.3.2\jdatepicker-1.3.2.jar;C:\Users\kevin\.m2\repository\org\scijava\ui-behaviour\1.7.4\ui-behaviour-1.7.4.jar;C:\Users\kevin\.m2\repository\net\sf\trove4j\trove4j\3.0.3\trove4j-3.0.3.jar;C:\Users\kevin\.m2\repository\com\google\code\gson\gson\2.8.5\gson-2.8.5.jar;C:\Users\kevin\.m2\repository\org\yaml\snakeyaml\1.23\snakeyaml-1.23.jar;C:\Users\kevin\.m2\repository\org\scijava\script-editor\0.5.0\script-editor-0.5.0.jar;C:\Users\kevin\.m2\repository\org\scijava\scripting-java\0.4.1\scripting-java-0.4.1.jar;C:\Users\kevin\.m2\repository\org\scijava\minimaven\2.2.1\minimaven-2.2.1.jar;C:\Users\kevin\.m2\repository\com\fifesoft\rsyntaxtextarea\2.6.1\rsyntaxtextarea-2.6.1.jar;C:\Users\kevin\.m2\repository\com\fifesoft\languagesupport\2.6.0\languagesupport-2.6.0.jar;C:\Users\kevin\.m2\repository\com\fifesoft\autocomplete\2.6.1\autocomplete-2.6.1.jar;C:\Users\kevin\.m2\repository\org\mozilla\rhino\1.7.6\rhino-1.7.6.jar;C:\Users\kevin\.m2\repository\org\scijava\batch-processor\0.3.0\batch-processor-0.3.0.jar;C:\Users\kevin\.m2\repository\commons-io\commons-io\2.6\commons-io-2.6.jar;C:\Users\kevin\.m2\repository\net\imagej\imagej-common\0.28.2\imagej-common-0.28.2.jar;C:\Users\kevin\.m2\repository\edu\ucar\udunits\4.3.18\udunits-4.3.18.jar;C:\Users\kevin\.m2\repository\net\imagej\imagej-mesh\0.7.1\imagej-mesh-0.7.1.jar;C:\Users\kevin\.m2\repository\net\imagej\imagej-mesh-io\0.1.2\imagej-mesh-io-0.1.2.jar;C:\Users\kevin\.m2\repository\com\google\guava\guava\21.0\g
Launcher Type: SUN_STANDARD

Environment Variables:
PATH=C:/Program Files/Java/jre1.8.0_241/bin/server;C:/Program Files/Java/jre1.8.0_241/bin;C:/Program Files/Java/jre1.8.0_241/lib/amd64;C:\Program Files\OpenEye-applications 19.12.03.0\bin\;C:\Program Files (x86)\Common Files\Oracle\Java\javapath;C:\Windows\system32;C:\Windows;C:\Windows\System32\Wbem;C:\Windows\System32\WindowsPowerShell\v1.0\;C:\Windows\System32\OpenSSH\;C:\Program Files\Git\cmd;C:\Program Files\VIDA 4.4.0.4\bin;C:\Users\kevin\AppData\Local\Microsoft\WindowsApps;C:\Windows\system32;
USERNAME=kevin
OS=Windows_NT
PROCESSOR_IDENTIFIER=Intel64 Family 6 Model 142 Stepping 9, GenuineIntel



---------------  S Y S T E M  ---------------

OS: Windows 10.0 , 64 bit Build 18362 (10.0.18362.778)

CPU:total 4 (initial active 4) (2 cores per cpu, 2 threads per core) family 6 model 142 stepping 9, cmov, cx8, fxsr, mmx, sse, sse2, sse3, ssse3, sse4.1, sse4.2, popcnt, avx, avx2, aes, clmul, erms, 3dnowpref, lzcnt, ht, tsc, tscinvbit, bmi1, bmi2, adx

Memory: 4k page, physical 8106152k(1365276k free), swap 16232616k(3866232k free)

vm_info: Java HotSpot(TM) 64-Bit Server VM (25.241-b07) for windows-amd64 JRE (1.8.0_241-b07), built on Dec 11 2019 10:21:40 by "rejava" with MS VC++ 10.0 (VS2010)

time: Sun Apr 19 03:39:45 2020
timezone: Central Daylight Time
elapsed time: 785 seconds (0d 0h 13m 5s)

